2008.05.16 13:22 B E:\Wang\Courses\Java\java_synchronization\ProducerAndConsumer08.java <-- Helios /export/home5/users/wang/courses/Java/java_synchronization ProducerAndConsumer08.java
2008.09.09 14:06 B E:\Wang\Courses\Java\java_synchronization\MultiThreadMergeSort.java --> helios.cs.csubak.edu /export/home5/users/wang/courses/Java/java_synchronization MultiThreadMergeSort.java
2009.04.29 16:58 B D:\Wang\Courses\Java\java_synchronization\ProducerConsumerFall02.java --> sleipnir.cs.csubak.edu /wang.helios/courses/Java/java_synchronization ProducerConsumerFall02.java
2009.04.30 13:16 B D:\Wang\Courses\Java\java_synchronization\ProducerConsumerFall02.java <-- sleipnir /wang.helios/courses/Java/java_synchronization ProducerConsumerFall02.java
2009.04.30 13:16 B D:\Wang\Courses\Java\java_synchronization\SmokerProblem2009.java <-- sleipnir /wang.helios/courses/Java/java_synchronization SmokerProblem2009.java
2010.05.03 10:20 B D:\Wang\Courses\Java\java_synchronization\ProducerConsumer2010.html <-- Sleipnir /public_html/APPLETS/HWang ProducerConsumer2010.html
2010.05.03 10:20 B D:\Wang\Courses\Java\java_synchronization\ProducerConsumer2010.java <-- Sleipnir /public_html/APPLETS/HWang ProducerConsumer2010.java
2010.05.03 15:52 B D:\Wang\Courses\Java\java_synchronization\ChatroomClient.html <-- Sleipnir /public_html/Chatroom ChatroomClient.html
2010.05.03 15:52 B D:\Wang\Courses\Java\java_synchronization\ChatroomClient.java <-- Sleipnir /public_html/Chatroom ChatroomClient.java
2010.05.03 15:52 B D:\Wang\Courses\Java\java_synchronization\ChatroomCons.java <-- Sleipnir /public_html/Chatroom ChatroomCons.java
2010.05.03 15:52 B D:\Wang\Courses\Java\java_synchronization\ChatroomServer.java <-- Sleipnir /public_html/Chatroom ChatroomServer.java
2010.05.03 15:53 B D:\Wang\Courses\Java\java_synchronization\ProducerConsumer2010.html <-- Sleipnir /public_html/APPLETS/HWang ProducerConsumer2010.html
2010.05.03 15:53 B D:\Wang\Courses\Java\java_synchronization\ProducerConsumer2010.java <-- Sleipnir /public_html/APPLETS/HWang ProducerConsumer2010.java
2010.05.06 12:56 B D:\Wang\Courses\Java\java_synchronization\ChatroomClient.html <-- Sleipnir /public_html/Chatroom ChatroomClient.html
2010.05.06 12:56 B D:\Wang\Courses\Java\java_synchronization\ChatroomClient.java <-- Sleipnir /public_html/Chatroom ChatroomClient.java
2010.05.06 12:56 B D:\Wang\Courses\Java\java_synchronization\ChatroomCons.java <-- Sleipnir /public_html/Chatroom ChatroomCons.java
2010.05.06 12:56 B D:\Wang\Courses\Java\java_synchronization\ChatroomGeneralMessage.java <-- Sleipnir /public_html/Chatroom ChatroomGeneralMessage.java
2010.05.06 12:56 B D:\Wang\Courses\Java\java_synchronization\ChatroomServer.java <-- Sleipnir /public_html/Chatroom ChatroomServer.java
2010.05.06 12:57 B D:\Wang\Courses\Java\java_synchronization\ProducerConsumer2010.html <-- Sleipnir /public_html/APPLETS/HWang ProducerConsumer2010.html
2010.05.06 12:57 B D:\Wang\Courses\Java\java_synchronization\ProducerConsumer2010.java <-- Sleipnir /public_html/APPLETS/HWang ProducerConsumer2010.java
2010.05.06 13:37 B D:\Wang\Courses\Java\java_synchronization\ChatroomClient.java --> sleipnir.cs.csubak.edu /public_html/Chatroom ChatroomClient.java
2010.05.07 10:50 B D:\Wang\Courses\Java\java_synchronization\ChatroomClient.java --> sleipnir.cs.csubak.edu /public_html/Chatroom ChatroomClient.java
2010.05.15 09:23 B D:\Wang\Courses\Java\java_synchronization\ChatroomClient.java <-- Sleipnir /public_html/Chatroom ChatroomClient.java
2010.05.15 09:23 B D:\Wang\Courses\Java\java_synchronization\ChatroomClient.html <-- Sleipnir /public_html/Chatroom ChatroomClient.html
2010.05.15 09:23 B D:\Wang\Courses\Java\java_synchronization\ChatroomClient.java <-- Sleipnir /public_html/Chatroom ChatroomClient.java
2010.05.15 09:23 B D:\Wang\Courses\Java\java_synchronization\ChatroomCons.java <-- Sleipnir /public_html/Chatroom ChatroomCons.java
2010.05.15 09:23 B D:\Wang\Courses\Java\java_synchronization\ChatroomGeneralMessage.java <-- Sleipnir /public_html/Chatroom ChatroomGeneralMessage.java
2010.05.15 09:23 B D:\Wang\Courses\Java\java_synchronization\ChatroomServer.java <-- Sleipnir /public_html/Chatroom ChatroomServer.java
2010.05.15 09:30 B D:\Wang\Courses\Java\java_synchronization\ChatroomClient.java --> sleipnir.cs.csubak.edu /public_html/Chatroom ChatroomClient.java
2010.05.15 09:30 B D:\Wang\Courses\Java\java_synchronization\ChatroomCons.java --> sleipnir.cs.csubak.edu /public_html/Chatroom ChatroomCons.java
2010.05.15 09:30 B D:\Wang\Courses\Java\java_synchronization\ChatroomGeneralMessage.class --> sleipnir.cs.csubak.edu /public_html/Chatroom ChatroomGeneralMessage.class
2010.05.15 09:30 B D:\Wang\Courses\Java\java_synchronization\ChatroomServer.java --> sleipnir.cs.csubak.edu /public_html/Chatroom ChatroomServer.java
2010.05.15 09:40 B D:\Wang\Courses\Java\java_synchronization\ChatroomGeneralMessage.java --> sleipnir.cs.csubak.edu /public_html/Chatroom ChatroomGeneralMessage.java
